<?xml version="1.0" encoding="UTF-8"?>
<coverage generated="1586280209789" clover="3.2.0">
  <project timestamp="1586280209789" name="All files">
    <metrics statements="21" coveredstatements="11" conditionals="13" coveredconditionals="8" methods="9" coveredmethods="4" elements="43" coveredelements="23" complexity="0" loc="21" ncloc="21" packages="4" files="4" classes="4"/>
    <package name="front">
      <metrics statements="10" coveredstatements="6" conditionals="6" coveredconditionals="6" methods="5" coveredmethods="1"/>
      <file name="App.js" path="/Users/evan/codefellows/personalProjects/petster/front/App.js">
        <metrics statements="10" coveredstatements="6" conditionals="6" coveredconditionals="6" methods="5" coveredmethods="1"/>
        <line num="10" count="1" type="stmt"/>
        <line num="15" count="2" type="stmt"/>
        <line num="17" count="2" type="cond" truecount="4" falsecount="0"/>
        <line num="18" count="1" type="stmt"/>
        <line num="22" count="0" type="stmt"/>
        <line num="26" count="1" type="stmt"/>
        <line num="38" count="0" type="stmt"/>
        <line num="56" count="0" type="stmt"/>
        <line num="60" count="0" type="stmt"/>
        <line num="63" count="1" type="stmt"/>
      </file>
    </package>
    <package name="front.components">
      <metrics statements="1" coveredstatements="1" conditionals="0" coveredconditionals="0" methods="1" coveredmethods="1"/>
      <file name="StyledText.js" path="/Users/evan/codefellows/personalProjects/petster/front/components/StyledText.js">
        <metrics statements="1" coveredstatements="1" conditionals="0" coveredconditionals="0" methods="1" coveredmethods="1"/>
        <line num="5" count="1" type="stmt"/>
      </file>
    </package>
    <package name="front.store">
      <metrics statements="2" coveredstatements="2" conditionals="0" coveredconditionals="0" methods="1" coveredmethods="1"/>
      <file name="index.js" path="/Users/evan/codefellows/personalProjects/petster/front/store/index.js">
        <metrics statements="2" coveredstatements="2" conditionals="0" coveredconditionals="0" methods="1" coveredmethods="1"/>
        <line num="5" count="1" type="stmt"/>
        <line num="9" count="1" type="stmt"/>
      </file>
    </package>
    <package name="front.store.reducers">
      <metrics statements="8" coveredstatements="2" conditionals="7" coveredconditionals="2" methods="2" coveredmethods="1"/>
      <file name="favorites.js" path="/Users/evan/codefellows/personalProjects/petster/front/store/reducers/favorites.js">
        <metrics statements="8" coveredstatements="2" conditionals="7" coveredconditionals="2" methods="2" coveredmethods="1"/>
        <line num="2" count="3" type="cond" truecount="1" falsecount="3"/>
        <line num="4" count="0" type="stmt"/>
        <line num="6" count="0" type="cond" truecount="0" falsecount="2"/>
        <line num="7" count="0" type="stmt"/>
        <line num="9" count="0" type="stmt"/>
        <line num="12" count="0" type="stmt"/>
        <line num="13" count="0" type="stmt"/>
        <line num="15" count="3" type="stmt"/>
      </file>
    </package>
  </project>
</coverage>
