{"/Users/evan/codefellows/personalProjects/petster/front/App.js": {"path":"/Users/evan/codefellows/personalProjects/petster/front/App.js","statementMap":{"0":{"start":{"line":10,"column":14},"end":{"line":10,"column":27}},"1":{"start":{"line":15,"column":50},"end":{"line":15,"column":65}},"2":{"start":{"line":17,"column":2},"end":{"line":34,"column":3}},"3":{"start":{"line":18,"column":4},"end":{"line":24,"column":6}},"4":{"start":{"line":22,"column":24},"end":{"line":22,"column":63}},"5":{"start":{"line":26,"column":4},"end":{"line":33,"column":6}},"6":{"start":{"line":38,"column":2},"end":{"line":52,"column":5}},"7":{"start":{"line":56,"column":2},"end":{"line":56,"column":22}},"8":{"start":{"line":60,"column":2},"end":{"line":60,"column":27}},"9":{"start":{"line":63,"column":15},"end":{"line":68,"column":2}}},"fnMap":{"0":{"name":"App","decl":{"start":{"line":14,"column":24},"end":{"line":14,"column":27}},"loc":{"start":{"line":14,"column":35},"end":{"line":35,"column":1}},"line":14},"1":{"name":"(anonymous_1)","decl":{"start":{"line":22,"column":18},"end":{"line":22,"column":19}},"loc":{"start":{"line":22,"column":24},"end":{"line":22,"column":63}},"line":22},"2":{"name":"loadResourcesAsync","decl":{"start":{"line":37,"column":15},"end":{"line":37,"column":33}},"loc":{"start":{"line":37,"column":36},"end":{"line":53,"column":1}},"line":37},"3":{"name":"handleLoadingError","decl":{"start":{"line":55,"column":9},"end":{"line":55,"column":27}},"loc":{"start":{"line":55,"column":35},"end":{"line":57,"column":1}},"line":55},"4":{"name":"handleFinishLoading","decl":{"start":{"line":59,"column":9},"end":{"line":59,"column":28}},"loc":{"start":{"line":59,"column":49},"end":{"line":61,"column":1}},"line":59}},"branchMap":{"0":{"loc":{"start":{"line":17,"column":2},"end":{"line":34,"column":3}},"type":"if","locations":[{"start":{"line":17,"column":2},"end":{"line":34,"column":3}},{"start":{"line":17,"column":2},"end":{"line":34,"column":3}}],"line":17},"1":{"loc":{"start":{"line":17,"column":6},"end":{"line":17,"column":52}},"type":"binary-expr","locations":[{"start":{"line":17,"column":6},"end":{"line":17,"column":24}},{"start":{"line":17,"column":28},"end":{"line":17,"column":52}}],"line":17},"2":{"loc":{"start":{"line":28,"column":9},"end":{"line":28,"column":66}},"type":"binary-expr","locations":[{"start":{"line":28,"column":9},"end":{"line":28,"column":30}},{"start":{"line":28,"column":34},"end":{"line":28,"column":66}}],"line":28}},"s":{"0":1,"1":2,"2":2,"3":1,"4":0,"5":1,"6":0,"7":0,"8":0,"9":1},"f":{"0":2,"1":0,"2":0,"3":0,"4":0},"b":{"0":[1,1],"1":[2,2],"2":[1,1]},"_coverageSchema":"43e27e138ebf9cfc5966b082cf9a028302ed4184","hash":"8a2ed8a3040b22c8fe4b3f9a1eb1d99687b138bf"}
,"/Users/evan/codefellows/personalProjects/petster/front/components/StyledText.js": {"path":"/Users/evan/codefellows/personalProjects/petster/front/components/StyledText.js","statementMap":{"0":{"start":{"line":5,"column":2},"end":{"line":7,"column":4}}},"fnMap":{"0":{"name":"MonoText","decl":{"start":{"line":4,"column":16},"end":{"line":4,"column":24}},"loc":{"start":{"line":4,"column":32},"end":{"line":8,"column":1}},"line":4}},"branchMap":{},"s":{"0":1},"f":{"0":1},"b":{},"_coverageSchema":"43e27e138ebf9cfc5966b082cf9a028302ed4184","hash":"752a96deb9eb8957436204e48bf33629d1d2ed44"}
,"/Users/evan/codefellows/personalProjects/petster/front/store/index.js": {"path":"/Users/evan/codefellows/personalProjects/petster/front/store/index.js","statementMap":{"0":{"start":{"line":5,"column":17},"end":{"line":7,"column":2}},"1":{"start":{"line":9,"column":14},"end":{"line":9,"column":65}},"2":{"start":{"line":9,"column":20},"end":{"line":9,"column":65}}},"fnMap":{"0":{"name":"(anonymous_0)","decl":{"start":{"line":9,"column":14},"end":{"line":9,"column":15}},"loc":{"start":{"line":9,"column":20},"end":{"line":9,"column":65}},"line":9}},"branchMap":{},"s":{"0":1,"1":1,"2":1},"f":{"0":1},"b":{},"_coverageSchema":"43e27e138ebf9cfc5966b082cf9a028302ed4184","hash":"446dc4a05152752a9dd47cd5505747f63570f20b"}
,"/Users/evan/codefellows/personalProjects/petster/front/store/reducers/favorites.js": {"path":"/Users/evan/codefellows/personalProjects/petster/front/store/reducers/favorites.js","statementMap":{"0":{"start":{"line":2,"column":2},"end":{"line":16,"column":3}},"1":{"start":{"line":4,"column":6},"end":{"line":4,"column":28}},"2":{"start":{"line":6,"column":6},"end":{"line":10,"column":7}},"3":{"start":{"line":7,"column":8},"end":{"line":7,"column":42}},"4":{"start":{"line":9,"column":8},"end":{"line":9,"column":21}},"5":{"start":{"line":12,"column":28},"end":{"line":12,"column":95}},"6":{"start":{"line":12,"column":48},"end":{"line":12,"column":94}},"7":{"start":{"line":13,"column":6},"end":{"line":13,"column":27}},"8":{"start":{"line":15,"column":6},"end":{"line":15,"column":19}}},"fnMap":{"0":{"name":"(anonymous_0)","decl":{"start":{"line":1,"column":15},"end":{"line":1,"column":16}},"loc":{"start":{"line":1,"column":39},"end":{"line":17,"column":1}},"line":1},"1":{"name":"(anonymous_1)","decl":{"start":{"line":12,"column":41},"end":{"line":12,"column":42}},"loc":{"start":{"line":12,"column":48},"end":{"line":12,"column":94}},"line":12}},"branchMap":{"0":{"loc":{"start":{"line":1,"column":16},"end":{"line":1,"column":26}},"type":"default-arg","locations":[{"start":{"line":1,"column":24},"end":{"line":1,"column":26}}],"line":1},"1":{"loc":{"start":{"line":2,"column":2},"end":{"line":16,"column":3}},"type":"switch","locations":[{"start":{"line":3,"column":4},"end":{"line":4,"column":28}},{"start":{"line":5,"column":4},"end":{"line":10,"column":7}},{"start":{"line":11,"column":4},"end":{"line":13,"column":27}},{"start":{"line":14,"column":4},"end":{"line":15,"column":19}}],"line":2},"2":{"loc":{"start":{"line":6,"column":6},"end":{"line":10,"column":7}},"type":"if","locations":[{"start":{"line":6,"column":6},"end":{"line":10,"column":7}},{"start":{"line":6,"column":6},"end":{"line":10,"column":7}}],"line":6}},"s":{"0":3,"1":0,"2":0,"3":0,"4":0,"5":0,"6":0,"7":0,"8":3},"f":{"0":3,"1":0},"b":{"0":[3],"1":[0,0,0,3],"2":[0,0]},"_coverageSchema":"43e27e138ebf9cfc5966b082cf9a028302ed4184","hash":"c311fa0ebf4516a9ad579f1a3198e29cf9df376d"}
}
