TN:
SF:/Users/evan/codefellows/personalProjects/petster/front/App.js
FN:14,App
FN:22,(anonymous_1)
FN:37,loadResourcesAsync
FN:55,handleLoadingError
FN:59,handleFinishLoading
FNF:5
FNH:1
FNDA:2,App
FNDA:0,(anonymous_1)
FNDA:0,loadResourcesAsync
FNDA:0,handleLoadingError
FNDA:0,handleFinishLoading
DA:10,1
DA:15,2
DA:17,2
DA:18,1
DA:22,0
DA:26,1
DA:38,0
DA:56,0
DA:60,0
DA:63,1
LF:10
LH:6
BRDA:17,0,0,1
BRDA:17,0,1,1
BRDA:17,1,0,2
BRDA:17,1,1,2
BRDA:28,2,0,1
BRDA:28,2,1,1
BRF:6
BRH:6
end_of_record
TN:
SF:/Users/evan/codefellows/personalProjects/petster/front/components/StyledText.js
FN:4,MonoText
FNF:1
FNH:1
FNDA:1,MonoText
DA:5,1
LF:1
LH:1
BRF:0
BRH:0
end_of_record
TN:
SF:/Users/evan/codefellows/personalProjects/petster/front/store/index.js
FN:9,(anonymous_0)
FNF:1
FNH:1
FNDA:1,(anonymous_0)
DA:5,1
DA:9,1
LF:2
LH:2
BRF:0
BRH:0
end_of_record
TN:
SF:/Users/evan/codefellows/personalProjects/petster/front/store/reducers/favorites.js
FN:1,(anonymous_0)
FN:12,(anonymous_1)
FNF:2
FNH:1
FNDA:3,(anonymous_0)
FNDA:0,(anonymous_1)
DA:2,3
DA:4,0
DA:6,0
DA:7,0
DA:9,0
DA:12,0
DA:13,0
DA:15,3
LF:8
LH:2
BRDA:1,0,0,3
BRDA:2,1,0,0
BRDA:2,1,1,0
BRDA:2,1,2,0
BRDA:2,1,3,3
BRDA:6,2,0,0
BRDA:6,2,1,0
BRF:7
BRH:2
end_of_record
